d:\уник\kod\kod-2022\kod-2022\debug\vc143.pdb
d:\уник\kod\kod-2022\kod-2022\debug\vc143.idb
d:\уник\kod\kod-2022\kod-2022\debug\pch.obj
d:\уник\kod\kod-2022\kod-2022\debug\semanaliz.obj
d:\уник\kod\kod-2022\kod-2022\debug\polishnotation.obj
d:\уник\kod\kod-2022\kod-2022\debug\parm.obj
d:\уник\kod\kod-2022\kod-2022\debug\mfst.obj
d:\уник\kod\kod-2022\kod-2022\debug\log.obj
d:\уник\kod\kod-2022\kod-2022\debug\lexanaliz.obj
d:\уник\kod\kod-2022\kod-2022\debug\lt.obj
d:\уник\kod\kod-2022\kod-2022\debug\kod-2022.obj
d:\уник\kod\kod-2022\kod-2022\debug\in.obj
d:\уник\kod\kod-2022\kod-2022\debug\it.obj
d:\уник\kod\kod-2022\kod-2022\debug\greibach.obj
d:\уник\kod\kod-2022\kod-2022\debug\generator.obj
d:\уник\kod\kod-2022\kod-2022\debug\fst.obj
d:\уник\kod\kod-2022\kod-2022\debug\error.obj
d:\уник\kod\kod-2022\debug\kod-2022.exe
d:\уник\kod\kod-2022\kod-2022\debug\kod-2022.ilk
d:\уник\kod\kod-2022\debug\kod-2022.pdb
d:\уник\kod\kod-2022\kod-2022\debug\kod-2022.tlog\cl.command.1.tlog
d:\уник\kod\kod-2022\kod-2022\debug\kod-2022.tlog\cl.read.1.tlog
d:\уник\kod\kod-2022\kod-2022\debug\kod-2022.tlog\cl.write.1.tlog
d:\уник\kod\kod-2022\kod-2022\debug\kod-2022.tlog\link.command.1.tlog
d:\уник\kod\kod-2022\kod-2022\debug\kod-2022.tlog\link.read.1.tlog
d:\уник\kod\kod-2022\kod-2022\debug\kod-2022.tlog\link.write.1.tlog
